<?xml version="1.0" encoding="UTF-8"?>
<testsuite xmlns:xsi="http://www.w3.org/2001/XMLSchema-instance" xsi:noNamespaceSchemaLocation="https://maven.apache.org/surefire/maven-surefire-plugin/xsd/surefire-test-report.xsd" version="3.0.2" name="br.com.bank.api_agendamento_transferencias.ApiAgendamentoTransferenciasApplicationTests" time="11.352" tests="1" errors="0" skipped="0" failures="0">
  <properties>
[...]
</properties>
  <testcase name="contextLoads" classname="br.com.bank.api_agendamento_transferencias.ApiAgendamentoTransferenciasApplicationTests" time="0.932">
    <system-out><![CDATA[21:48:48.389 [main] INFO org.springframework.test.context.support.AnnotationConfigContextLoaderUtils -- Could not detect default configuration classes for test class [br.com.bank.api_agendamento_transferencias.ApiAgendamentoTransferenciasApplicationTests]: ApiAgendamentoTransferenciasApplicationTests does not declare any static, non-private, non-final, nested classes annotated with @Configuration.
21:48:48.646 [main] INFO org.springframework.boot.test.context.SpringBootTestContextBootstrapper -- Found @SpringBootConfiguration br.com.bank.api_agendamento_transferencias.ApiAgendamentoTransferenciasApplication for test class br.com.bank.api_agendamento_transferencias.ApiAgendamentoTransferenciasApplicationTests
21:48:49.069 [main] INFO org.springframework.boot.devtools.restart.RestartApplicationListener -- Restart disabled due to context in which it is running

  .   ____          _            __ _ _
 /\\ / ___'_ __ _ _(_)_ __  __ _ \ \ \ \
( ( )\___ | '_ | '_| | '_ \/ _` | \ \ \ \
 \\/  ___)| |_)| | | | | || (_| |  ) ) ) )
  '  |____| .__|_| |_|_| |_\__, | / / / /
 =========|_|==============|___/=/_/_/_/

 :: Spring Boot ::                (v3.5.5)

2025-09-03T21:48:49.737-03:00  INFO 11140 --- [api-agendamento-transferencias] [           main] gendamentoTransferenciasApplicationTests : Starting ApiAgendamentoTransferenciasApplicationTests using Java 21.0.1 with PID 11140 (started by ander in C:\Users\ander\Desktop\Anderson\global_ti\api-agendamento-transferencia)
2025-09-03T21:48:49.740-03:00  INFO 11140 --- [api-agendamento-transferencias] [           main] gendamentoTransferenciasApplicationTests : No active profile set, falling back to 1 default profile: "default"
2025-09-03T21:48:51.390-03:00  INFO 11140 --- [api-agendamento-transferencias] [           main] .s.d.r.c.RepositoryConfigurationDelegate : Bootstrapping Spring Data JPA repositories in DEFAULT mode.
2025-09-03T21:48:51.532-03:00  INFO 11140 --- [api-agendamento-transferencias] [           main] .s.d.r.c.RepositoryConfigurationDelegate : Finished Spring Data repository scanning in 118 ms. Found 2 JPA repository interfaces.
2025-09-03T21:48:52.328-03:00  INFO 11140 --- [api-agendamento-transferencias] [           main] com.zaxxer.hikari.HikariDataSource       : HikariPool-1 - Starting...
2025-09-03T21:48:52.828-03:00  INFO 11140 --- [api-agendamento-transferencias] [           main] com.zaxxer.hikari.pool.HikariPool        : HikariPool-1 - Added connection conn0: url=jdbc:h2:mem:bankdb user=SA
2025-09-03T21:48:52.832-03:00  INFO 11140 --- [api-agendamento-transferencias] [           main] com.zaxxer.hikari.HikariDataSource       : HikariPool-1 - Start completed.
2025-09-03T21:48:53.130-03:00  INFO 11140 --- [api-agendamento-transferencias] [           main] o.hibernate.jpa.internal.util.LogHelper  : HHH000204: Processing PersistenceUnitInfo [name: default]
2025-09-03T21:48:53.313-03:00  INFO 11140 --- [api-agendamento-transferencias] [           main] org.hibernate.Version                    : HHH000412: Hibernate ORM core version 6.6.26.Final
2025-09-03T21:48:53.413-03:00  INFO 11140 --- [api-agendamento-transferencias] [           main] o.h.c.internal.RegionFactoryInitiator    : HHH000026: Second-level cache disabled
2025-09-03T21:48:54.180-03:00  INFO 11140 --- [api-agendamento-transferencias] [           main] o.s.o.j.p.SpringPersistenceUnitInfo      : No LoadTimeWeaver setup: ignoring JPA class transformer
2025-09-03T21:48:54.304-03:00  WARN 11140 --- [api-agendamento-transferencias] [           main] org.hibernate.orm.deprecation            : HHH90000025: H2Dialect does not need to be specified explicitly using 'hibernate.dialect' (remove the property setting and it will be selected by default)
2025-09-03T21:48:54.376-03:00  INFO 11140 --- [api-agendamento-transferencias] [           main] org.hibernate.orm.connections.pooling    : HHH10001005: Database info:
	Database JDBC URL [Connecting through datasource 'HikariDataSource (HikariPool-1)']
	Database driver: undefined/unknown
	Database version: 2.3.232
	Autocommit mode: undefined/unknown
	Isolation level: undefined/unknown
	Minimum pool size: undefined/unknown
	Maximum pool size: undefined/unknown
2025-09-03T21:48:55.921-03:00  INFO 11140 --- [api-agendamento-transferencias] [           main] o.h.m.i.EntityInstantiatorPojoStandard   : HHH000182: No default (no-argument) constructor for class: br.com.bank.api_agendamento_transferencias.model.Transferencia (class must be instantiated by Interceptor)
2025-09-03T21:48:55.992-03:00  INFO 11140 --- [api-agendamento-transferencias] [           main] o.h.m.i.EntityInstantiatorPojoStandard   : HHH000182: No default (no-argument) constructor for class: br.com.bank.api_agendamento_transferencias.model.Conta (class must be instantiated by Interceptor)
2025-09-03T21:48:56.313-03:00  INFO 11140 --- [api-agendamento-transferencias] [           main] o.h.e.t.j.p.i.JtaPlatformInitiator       : HHH000489: No JTA platform available (set 'hibernate.transaction.jta.platform' to enable JTA platform integration)
Hibernate: drop table if exists conta cascade 
Hibernate: drop table if exists transferencia cascade 
Hibernate: create table conta (id bigint generated by default as identity, numero varchar(255), primary key (id))
Hibernate: create table transferencia (data_agendamento date, data_transferencia date not null, taxa numeric(38,2), valor numeric(38,2) not null, conta_destino_id bigint not null, conta_origem_id bigint not null, id bigint generated by default as identity, primary key (id))
Hibernate: alter table if exists transferencia add constraint FK3vh2c90fn9yn7l4gbvrl32mif foreign key (conta_destino_id) references conta
Hibernate: alter table if exists transferencia add constraint FKt6v19jub8ij9eh1u98hpbiwbk foreign key (conta_origem_id) references conta
2025-09-03T21:48:56.377-03:00  INFO 11140 --- [api-agendamento-transferencias] [           main] j.LocalContainerEntityManagerFactoryBean : Initialized JPA EntityManagerFactory for persistence unit 'default'
2025-09-03T21:48:57.450-03:00  WARN 11140 --- [api-agendamento-transferencias] [           main] JpaBaseConfiguration$JpaWebConfiguration : spring.jpa.open-in-view is enabled by default. Therefore, database queries may be performed during view rendering. Explicitly configure spring.jpa.open-in-view to disable this warning
2025-09-03T21:48:58.253-03:00  INFO 11140 --- [api-agendamento-transferencias] [           main] o.s.b.a.h2.H2ConsoleAutoConfiguration    : H2 console available at '/h2-console'. Database available at 'jdbc:h2:mem:bankdb'
2025-09-03T21:48:58.437-03:00  INFO 11140 --- [api-agendamento-transferencias] [           main] gendamentoTransferenciasApplicationTests : Started ApiAgendamentoTransferenciasApplicationTests in 9.409 seconds (process running for 11.614)
]]></system-out>
    <system-err><![CDATA[Mockito is currently self-attaching to enable the inline-mock-maker. This will no longer work in future releases of the JDK. Please add Mockito as an agent to your build as described in Mockito's documentation: https://javadoc.io/doc/org.mockito/mockito-core/latest/org.mockito/org/mockito/Mockito.html#0.3
WARNING: A Java agent has been loaded dynamically (C:\Users\ander\.m2\repository\net\bytebuddy\byte-buddy-agent\1.17.7\byte-buddy-agent-1.17.7.jar)
WARNING: If a serviceability tool is in use, please run with -XX:+EnableDynamicAgentLoading to hide this warning
WARNING: If a serviceability tool is not in use, please run with -Djdk.instrument.traceUsage for more information
WARNING: Dynamic loading of agents will be disallowed by default in a future release
]]></system-err>
  </testcase>
</testsuite>